<?xml version="1.0" encoding="UTF-8"?>
<!-- Generated by org.testng.reporters.JUnitXMLReporter -->
<testsuite ignored="0" hostname="DESKTOP-1FJC9IP" failures="0" tests="3" name="Default test" time="0.116" errors="0" timestamp="2022-09-21T13:42:27 IST">
  <testcase classname="testNG.depends_on_Methods_Test" name="MobileStudentLogin" time="0.015"/>
  <testcase classname="testNG.depends_on_Methods_Test" name="WebStudentLogin" time="0.002"/>
  <testcase classname="testNG.depends_on_Methods_Test" name="APIStudentLogin" time="0.003"/>
</testsuite> <!-- Default test -->
