<?xml version="1.0" encoding="UTF-8"?>
<testng-results ignored="0" total="1" passed="1" failed="0" skipped="0">
  <reporter-output>
  </reporter-output>
  <suite started-at="2022-09-17T14:30:38 IST" name="Default suite" finished-at="2022-09-17T14:31:49 IST" duration-ms="71922">
    <groups>
    </groups>
    <test started-at="2022-09-17T14:30:38 IST" name="Default test" finished-at="2022-09-17T14:31:49 IST" duration-ms="71922">
      <class name="com.Facebook_App.wait_test">
        <test-method signature="Browser_navigations()[pri:1, instance:com.Facebook_App.wait_test@2f7298b]" started-at="2022-09-17T14:30:38 IST" name="Browser_navigations" finished-at="2022-09-17T14:31:49 IST" duration-ms="71686" status="PASS">
          <reporter-output>
          </reporter-output>
        </test-method> <!-- Browser_navigations -->
      </class> <!-- com.Facebook_App.wait_test -->
    </test> <!-- Default test -->
  </suite> <!-- Default suite -->
</testng-results>
