<?xml version="1.0" encoding="UTF-8"?>
<testng-results ignored="0" total="3" passed="3" failed="0" skipped="0">
  <reporter-output>
  </reporter-output>
  <suite started-at="2022-09-21T13:42:27 IST" name="Default suite" finished-at="2022-09-21T13:42:27 IST" duration-ms="116">
    <groups>
    </groups>
    <test started-at="2022-09-21T13:42:27 IST" name="Default test" finished-at="2022-09-21T13:42:27 IST" duration-ms="116">
      <class name="testNG.depends_on_Methods_Test">
        <test-method signature="MobileStudentLogin()[pri:0, instance:testNG.depends_on_Methods_Test@3835c46]" started-at="2022-09-21T13:42:27 IST" name="MobileStudentLogin" finished-at="2022-09-21T13:42:27 IST" duration-ms="15" status="PASS">
          <reporter-output>
          </reporter-output>
        </test-method> <!-- MobileStudentLogin -->
        <test-method signature="WebStudentLogin()[pri:0, instance:testNG.depends_on_Methods_Test@3835c46]" started-at="2022-09-21T13:42:27 IST" name="WebStudentLogin" finished-at="2022-09-21T13:42:27 IST" duration-ms="2" status="PASS">
          <reporter-output>
          </reporter-output>
        </test-method> <!-- WebStudentLogin -->
        <test-method signature="APIStudentLogin()[pri:0, instance:testNG.depends_on_Methods_Test@3835c46]" started-at="2022-09-21T13:42:27 IST" name="APIStudentLogin" finished-at="2022-09-21T13:42:27 IST" depends-on-methods="testNG.depends_on_Methods_Test.WebStudentLogin" duration-ms="3" status="PASS">
          <reporter-output>
          </reporter-output>
        </test-method> <!-- APIStudentLogin -->
      </class> <!-- testNG.depends_on_Methods_Test -->
    </test> <!-- Default test -->
  </suite> <!-- Default suite -->
</testng-results>
